2024-12-28 08:33:32,710 - 2024-12-28_crawler_UFC_stats - INFO - Recherche des combattants sur le site UFC Stats
2024-12-28 08:35:19,716 - 2024-12-28_crawler_UFC_stats - INFO - Recherche des combattants sur le site UFC Stats
2024-12-28 08:37:12,463 - 2024-12-28_crawler_UFC_stats - INFO - Recherche des combattants sur le site UFC Stats
2024-12-28 08:38:20,268 - 2024-12-28_crawler_UFC_stats - INFO - Recherche des combattants sur le site UFC Stats
2024-12-28 08:45:18,893 - 2024-12-28_crawler_UFC_stats - INFO - Recherche des combattants sur le site UFC Stats
2024-12-28 08:45:18,893 - 2024-12-28_crawler_UFC_stats - INFO - combattant NARIMAN ABBASSOV
2024-12-28 08:45:23,560 - 2024-12-28_crawler_UFC_stats - WARNING - Le combattant NARIMAN ABBASSOV n'a pas été trouvé
2024-12-28 08:45:23,561 - 2024-12-28_crawler_UFC_stats - WARNING - Erreur lors de la recherche du combattant NARIMAN ABBASSOV : [Errno 2] No such file or directory: 'FightPredix/missed/combattants_manqués.json'
2024-12-28 08:45:23,564 - 2024-12-28_crawler_UFC_stats - ERROR - None
2024-12-28 08:48:18,307 - 2024-12-28_crawler_UFC_stats - INFO - Recherche des combattants sur le site UFC Stats
2024-12-28 08:48:18,307 - 2024-12-28_crawler_UFC_stats - INFO - combattant NARIMAN ABBASSOV
2024-12-28 08:48:24,497 - 2024-12-28_crawler_UFC_stats - INFO - Metriques recoltees : {'KO/TKO': 0, 'SUB': 0, 'DEC': 0, 'WIN': 28, 'LOSSES': 4, 'DRAWS': 0, 'HEIGHT': 68, 'WEIGHT': 155.0, 'REACH': 66, 'STANCE': 'Orthodox', 'DOB': 'Feb 01, 1994', 'SLpM': 3.0, 'Str. Acc.': 0.2, 'SApM': 5.67, 'Str. Def': 0.46, 'TD Avg.': 0.0, 'TD Acc.': 0.0, 'TD Def.': 0.66, 'Sub. Avg.': 0.0}
2024-12-28 08:48:28,757 - 2024-12-28_crawler_UFC_stats - INFO - combattant HAMDY ABDELWAHAB
2024-12-28 08:48:30,998 - 2024-12-28_crawler_UFC_stats - INFO - Metriques recoltees : {'KO/TKO': 0, 'SUB': 0, 'DEC': 0, 'WIN': 5, 'LOSSES': 0, 'DRAWS': 0, 'HEIGHT': 74, 'WEIGHT': 264.0, 'REACH': 72, 'STANCE': 'Southpaw', 'DOB': 'Jan 22, 1993', 'SLpM': 3.87, 'Str. Acc.': 0.52, 'SApM': 3.13, 'Str. Def': 0.59, 'TD Avg.': 3.0, 'TD Acc.': 0.75, 'TD Def.': 0.0, 'Sub. Avg.': 0.0}
2024-12-28 08:48:31,000 - 2024-12-28_crawler_UFC_stats - INFO - combattant MANSUR ABDUL-MALIK
2024-12-28 08:48:33,964 - 2024-12-28_crawler_UFC_stats - INFO - Metriques recoltees : {'KO/TKO': 2, 'SUB': 0, 'DEC': 0, 'WIN': 7, 'LOSSES': 0, 'DRAWS': 0, 'HEIGHT': 74, 'WEIGHT': 185.0, 'REACH': 79, 'STANCE': 'Orthodox', 'DOB': 'Oct 07, 1997', 'SLpM': 6.61, 'Str. Acc.': 0.54, 'SApM': 4.21, 'Str. Def': 0.53, 'TD Avg.': 0.0, 'TD Acc.': 0.0, 'TD Def.': 0.75, 'Sub. Avg.': 0.0}
2024-12-28 08:48:33,966 - 2024-12-28_crawler_UFC_stats - INFO - combattant ISRAEL ADESANYA
2024-12-28 08:48:35,821 - 2024-12-28_crawler_UFC_stats - WARNING - Le combattant ISRAEL ADESANYA n'a pas été trouvé
2024-12-28 08:48:35,822 - 2024-12-28_crawler_UFC_stats - WARNING - Erreur lors de la recherche du combattant ISRAEL ADESANYA : [Errno 2] No such file or directory: 'data/missed/combattants_manqués.json'
2024-12-28 08:48:35,825 - 2024-12-28_crawler_UFC_stats - ERROR - None
2024-12-28 08:49:44,725 - 2024-12-28_crawler_UFC_stats - INFO - Recherche des combattants sur le site UFC Stats
2024-12-28 08:49:44,725 - 2024-12-28_crawler_UFC_stats - INFO - combattant NARIMAN ABBASSOV
2024-12-28 08:49:51,286 - 2024-12-28_crawler_UFC_stats - INFO - Metriques recoltees : {'KO/TKO': 0, 'SUB': 0, 'DEC': 0, 'WIN': 28, 'LOSSES': 4, 'DRAWS': 0, 'HEIGHT': 68, 'WEIGHT': 155.0, 'REACH': 66, 'STANCE': 'Orthodox', 'DOB': 'Feb 01, 1994', 'SLpM': 3.0, 'Str. Acc.': 0.2, 'SApM': 5.67, 'Str. Def': 0.46, 'TD Avg.': 0.0, 'TD Acc.': 0.0, 'TD Def.': 0.66, 'Sub. Avg.': 0.0}
2024-12-28 08:49:55,561 - 2024-12-28_crawler_UFC_stats - INFO - combattant HAMDY ABDELWAHAB
2024-12-28 08:49:57,640 - 2024-12-28_crawler_UFC_stats - INFO - Metriques recoltees : {'KO/TKO': 0, 'SUB': 0, 'DEC': 0, 'WIN': 5, 'LOSSES': 0, 'DRAWS': 0, 'HEIGHT': 74, 'WEIGHT': 264.0, 'REACH': 72, 'STANCE': 'Southpaw', 'DOB': 'Jan 22, 1993', 'SLpM': 3.87, 'Str. Acc.': 0.52, 'SApM': 3.13, 'Str. Def': 0.59, 'TD Avg.': 3.0, 'TD Acc.': 0.75, 'TD Def.': 0.0, 'Sub. Avg.': 0.0}
2024-12-28 08:49:57,642 - 2024-12-28_crawler_UFC_stats - INFO - combattant MANSUR ABDUL-MALIK
2024-12-28 08:49:59,854 - 2024-12-28_crawler_UFC_stats - INFO - Metriques recoltees : {'KO/TKO': 2, 'SUB': 0, 'DEC': 0, 'WIN': 7, 'LOSSES': 0, 'DRAWS': 0, 'HEIGHT': 74, 'WEIGHT': 185.0, 'REACH': 79, 'STANCE': 'Orthodox', 'DOB': 'Oct 07, 1997', 'SLpM': 6.61, 'Str. Acc.': 0.54, 'SApM': 4.21, 'Str. Def': 0.53, 'TD Avg.': 0.0, 'TD Acc.': 0.0, 'TD Def.': 0.75, 'Sub. Avg.': 0.0}
2024-12-28 08:49:59,857 - 2024-12-28_crawler_UFC_stats - INFO - combattant ISRAEL ADESANYA
2024-12-28 08:50:03,466 - 2024-12-28_crawler_UFC_stats - INFO - Metriques recoltees : {'KO/TKO': 5, 'SUB': 0, 'DEC': 8, 'WIN': 24, 'LOSSES': 4, 'DRAWS': 0, 'HEIGHT': 76, 'WEIGHT': 185.0, 'REACH': 80, 'STANCE': 'Switch', 'DOB': 'Jul 22, 1989', 'SLpM': 4.0, 'Str. Acc.': 0.48, 'SApM': 3.21, 'Str. Def': 0.56, 'TD Avg.': 0.05, 'TD Acc.': 0.12, 'TD Def.': 0.75, 'Sub. Avg.': 0.1}
2024-12-28 08:50:03,468 - 2024-12-28_crawler_UFC_stats - INFO - combattant FABIO AGU
2024-12-28 08:50:06,233 - 2024-12-28_crawler_UFC_stats - INFO - Metriques recoltees : {'KO/TKO': 0, 'SUB': 0, 'DEC': 0, 'WIN': 17, 'LOSSES': 1, 'DRAWS': 0, 'HEIGHT': 72, 'WEIGHT': 185.0, 'REACH': None, 'STANCE': '', 'DOB': 'Feb 10, 1988', 'SLpM': 0.0, 'Str. Acc.': 0.0, 'SApM': 0.0, 'Str. Def': 0.0, 'TD Avg.': 0.0, 'TD Acc.': 0.0, 'TD Def.': 0.0, 'Sub. Avg.': 0.0}
2024-12-28 08:50:06,238 - 2024-12-28_crawler_UFC_stats - INFO - combattant JESUS AGUILAR
2024-12-28 08:50:09,015 - 2024-12-28_crawler_UFC_stats - INFO - Metriques recoltees : {'KO/TKO': 1, 'SUB': 2, 'DEC': 1, 'WIN': 11, 'LOSSES': 2, 'DRAWS': 0, 'HEIGHT': 64, 'WEIGHT': 125.0, 'REACH': 62, 'STANCE': 'Orthodox', 'DOB': 'Mar 13, 1996', 'SLpM': 1.46, 'Str. Acc.': 0.51, 'SApM': 1.26, 'Str. Def': 0.58, 'TD Avg.': 1.75, 'TD Acc.': 0.33, 'TD Def.': 0.36, 'Sub. Avg.': 1.8}
2024-12-28 08:50:09,017 - 2024-12-28_crawler_UFC_stats - INFO - combattant NICK AGUIRRE
2024-12-28 08:50:10,992 - 2024-12-28_crawler_UFC_stats - INFO - Metriques recoltees : {'KO/TKO': 0, 'SUB': 0, 'DEC': 0, 'WIN': 7, 'LOSSES': 2, 'DRAWS': 0, 'HEIGHT': 69, 'WEIGHT': 135.0, 'REACH': 74, 'STANCE': 'Southpaw', 'DOB': 'Jan 15, 1996', 'SLpM': 0.73, 'Str. Acc.': 0.33, 'SApM': 2.89, 'Str. Def': 0.45, 'TD Avg.': 1.16, 'TD Acc.': 0.2, 'TD Def.': 0.33, 'Sub. Avg.': 0.6}
2024-12-28 08:50:10,994 - 2024-12-28_crawler_UFC_stats - INFO - combattant ABDUL-KAREEM AL-SELWADY
2024-12-28 08:50:13,324 - 2024-12-28_crawler_UFC_stats - INFO - Metriques recoltees : {'KO/TKO': 0, 'SUB': 0, 'DEC': 1, 'WIN': 15, 'LOSSES': 4, 'DRAWS': 0, 'HEIGHT': 68, 'WEIGHT': 155.0, 'REACH': 69, 'STANCE': 'Orthodox', 'DOB': 'Apr 10, 1995', 'SLpM': 4.14, 'Str. Acc.': 0.34, 'SApM': 3.6, 'Str. Def': 0.59, 'TD Avg.': 2.32, 'TD Acc.': 0.3, 'TD Def.': 0.2, 'Sub. Avg.': 0.0}
2024-12-28 08:50:13,326 - 2024-12-28_crawler_UFC_stats - INFO - combattant HERDEM ALACABEK
2024-12-28 08:50:15,345 - 2024-12-28_crawler_UFC_stats - INFO - Metriques recoltees : {'KO/TKO': 0, 'SUB': 0, 'DEC': 0, 'WIN': 5, 'LOSSES': 1, 'DRAWS': 0, 'HEIGHT': 74, 'WEIGHT': 205.0, 'REACH': 75, 'STANCE': 'Orthodox', 'DOB': 'Jun 07, 1991', 'SLpM': 3.84, 'Str. Acc.': 0.65, 'SApM': 6.66, 'Str. Def': 0.23, 'TD Avg.': 2.06, 'TD Acc.': 0.5, 'TD Def.': 0.42, 'Sub. Avg.': 0.0}
2024-12-28 08:50:15,348 - 2024-12-28_crawler_UFC_stats - INFO - combattant AMIR ALBAZI
2024-12-28 08:50:17,907 - 2024-12-28_crawler_UFC_stats - INFO - Metriques recoltees : {'KO/TKO': 1, 'SUB': 2, 'DEC': 2, 'WIN': 17, 'LOSSES': 2, 'DRAWS': 0, 'HEIGHT': 65, 'WEIGHT': 125.0, 'REACH': 68, 'STANCE': 'Orthodox', 'DOB': 'Oct 27, 1993', 'SLpM': 2.72, 'Str. Acc.': 0.34, 'SApM': 3.71, 'Str. Def': 0.61, 'TD Avg.': 1.39, 'TD Acc.': 0.32, 'TD Def.': 0.5, 'Sub. Avg.': 0.5}
2024-12-28 08:50:17,909 - 2024-12-28_crawler_UFC_stats - INFO - combattant IRENE ALDANA
2024-12-28 08:52:42,045 - 2024-12-28_crawler_UFC_stats - INFO - Recherche des combattants sur le site UFC Stats
2024-12-28 08:52:42,046 - 2024-12-28_crawler_UFC_stats - INFO - combattant NARIMAN ABBASSOV
2024-12-28 08:52:48,346 - 2024-12-28_crawler_UFC_stats - INFO - Metriques recoltees : {'KO/TKO': 0, 'SUB': 0, 'DEC': 0, 'WIN': 28, 'LOSSES': 4, 'DRAWS': 0, 'HEIGHT': 68, 'WEIGHT': 155.0, 'REACH': 66, 'STANCE': 'Orthodox', 'DOB': 'Feb 01, 1994', 'SLpM': 3.0, 'Str. Acc.': 0.2, 'SApM': 5.67, 'Str. Def': 0.46, 'TD Avg.': 0.0, 'TD Acc.': 0.0, 'TD Def.': 0.66, 'Sub. Avg.': 0.0}
2024-12-28 08:52:52,596 - 2024-12-28_crawler_UFC_stats - INFO - combattant HAMDY ABDELWAHAB
2024-12-28 08:52:55,107 - 2024-12-28_crawler_UFC_stats - INFO - Metriques recoltees : {'KO/TKO': 0, 'SUB': 0, 'DEC': 0, 'WIN': 5, 'LOSSES': 0, 'DRAWS': 0, 'HEIGHT': 74, 'WEIGHT': 264.0, 'REACH': 72, 'STANCE': 'Southpaw', 'DOB': 'Jan 22, 1993', 'SLpM': 3.87, 'Str. Acc.': 0.52, 'SApM': 3.13, 'Str. Def': 0.59, 'TD Avg.': 3.0, 'TD Acc.': 0.75, 'TD Def.': 0.0, 'Sub. Avg.': 0.0}
2024-12-28 08:52:55,110 - 2024-12-28_crawler_UFC_stats - INFO - combattant MANSUR ABDUL-MALIK
2024-12-28 08:52:57,354 - 2024-12-28_crawler_UFC_stats - INFO - Metriques recoltees : {'KO/TKO': 2, 'SUB': 0, 'DEC': 0, 'WIN': 7, 'LOSSES': 0, 'DRAWS': 0, 'HEIGHT': 74, 'WEIGHT': 185.0, 'REACH': 79, 'STANCE': 'Orthodox', 'DOB': 'Oct 07, 1997', 'SLpM': 6.61, 'Str. Acc.': 0.54, 'SApM': 4.21, 'Str. Def': 0.53, 'TD Avg.': 0.0, 'TD Acc.': 0.0, 'TD Def.': 0.75, 'Sub. Avg.': 0.0}
2024-12-28 08:52:57,356 - 2024-12-28_crawler_UFC_stats - INFO - combattant ISRAEL ADESANYA
2024-12-28 08:53:00,974 - 2024-12-28_crawler_UFC_stats - INFO - Metriques recoltees : {'KO/TKO': 5, 'SUB': 0, 'DEC': 8, 'WIN': 24, 'LOSSES': 4, 'DRAWS': 0, 'HEIGHT': 76, 'WEIGHT': 185.0, 'REACH': 80, 'STANCE': 'Switch', 'DOB': 'Jul 22, 1989', 'SLpM': 4.0, 'Str. Acc.': 0.48, 'SApM': 3.21, 'Str. Def': 0.56, 'TD Avg.': 0.05, 'TD Acc.': 0.12, 'TD Def.': 0.75, 'Sub. Avg.': 0.1}
2024-12-28 08:53:00,977 - 2024-12-28_crawler_UFC_stats - INFO - combattant FABIO AGU
2024-12-28 08:53:03,610 - 2024-12-28_crawler_UFC_stats - INFO - Metriques recoltees : {'KO/TKO': 0, 'SUB': 0, 'DEC': 0, 'WIN': 17, 'LOSSES': 1, 'DRAWS': 0, 'HEIGHT': 72, 'WEIGHT': 185.0, 'REACH': None, 'STANCE': '', 'DOB': 'Feb 10, 1988', 'SLpM': 0.0, 'Str. Acc.': 0.0, 'SApM': 0.0, 'Str. Def': 0.0, 'TD Avg.': 0.0, 'TD Acc.': 0.0, 'TD Def.': 0.0, 'Sub. Avg.': 0.0}
2024-12-28 08:53:03,614 - 2024-12-28_crawler_UFC_stats - INFO - combattant JESUS AGUILAR
2024-12-28 08:53:06,334 - 2024-12-28_crawler_UFC_stats - INFO - Metriques recoltees : {'KO/TKO': 1, 'SUB': 2, 'DEC': 1, 'WIN': 11, 'LOSSES': 2, 'DRAWS': 0, 'HEIGHT': 64, 'WEIGHT': 125.0, 'REACH': 62, 'STANCE': 'Orthodox', 'DOB': 'Mar 13, 1996', 'SLpM': 1.46, 'Str. Acc.': 0.51, 'SApM': 1.26, 'Str. Def': 0.58, 'TD Avg.': 1.75, 'TD Acc.': 0.33, 'TD Def.': 0.36, 'Sub. Avg.': 1.8}
2024-12-28 08:53:06,336 - 2024-12-28_crawler_UFC_stats - INFO - combattant NICK AGUIRRE
2024-12-28 08:53:08,469 - 2024-12-28_crawler_UFC_stats - INFO - Metriques recoltees : {'KO/TKO': 0, 'SUB': 0, 'DEC': 0, 'WIN': 7, 'LOSSES': 2, 'DRAWS': 0, 'HEIGHT': 69, 'WEIGHT': 135.0, 'REACH': 74, 'STANCE': 'Southpaw', 'DOB': 'Jan 15, 1996', 'SLpM': 0.73, 'Str. Acc.': 0.33, 'SApM': 2.89, 'Str. Def': 0.45, 'TD Avg.': 1.16, 'TD Acc.': 0.2, 'TD Def.': 0.33, 'Sub. Avg.': 0.6}
2024-12-28 08:53:08,471 - 2024-12-28_crawler_UFC_stats - INFO - combattant ABDUL-KAREEM AL-SELWADY
2024-12-28 08:53:10,605 - 2024-12-28_crawler_UFC_stats - INFO - Metriques recoltees : {'KO/TKO': 0, 'SUB': 0, 'DEC': 1, 'WIN': 15, 'LOSSES': 4, 'DRAWS': 0, 'HEIGHT': 68, 'WEIGHT': 155.0, 'REACH': 69, 'STANCE': 'Orthodox', 'DOB': 'Apr 10, 1995', 'SLpM': 4.14, 'Str. Acc.': 0.34, 'SApM': 3.6, 'Str. Def': 0.59, 'TD Avg.': 2.32, 'TD Acc.': 0.3, 'TD Def.': 0.2, 'Sub. Avg.': 0.0}
2024-12-28 08:53:10,607 - 2024-12-28_crawler_UFC_stats - INFO - combattant HERDEM ALACABEK
2024-12-28 08:53:12,627 - 2024-12-28_crawler_UFC_stats - INFO - Metriques recoltees : {'KO/TKO': 0, 'SUB': 0, 'DEC': 0, 'WIN': 5, 'LOSSES': 1, 'DRAWS': 0, 'HEIGHT': 74, 'WEIGHT': 205.0, 'REACH': 75, 'STANCE': 'Orthodox', 'DOB': 'Jun 07, 1991', 'SLpM': 3.84, 'Str. Acc.': 0.65, 'SApM': 6.66, 'Str. Def': 0.23, 'TD Avg.': 2.06, 'TD Acc.': 0.5, 'TD Def.': 0.42, 'Sub. Avg.': 0.0}
2024-12-28 08:53:12,631 - 2024-12-28_crawler_UFC_stats - INFO - combattant AMIR ALBAZI
2024-12-28 08:53:14,843 - 2024-12-28_crawler_UFC_stats - INFO - Metriques recoltees : {'KO/TKO': 1, 'SUB': 2, 'DEC': 2, 'WIN': 17, 'LOSSES': 2, 'DRAWS': 0, 'HEIGHT': 65, 'WEIGHT': 125.0, 'REACH': 68, 'STANCE': 'Orthodox', 'DOB': 'Oct 27, 1993', 'SLpM': 2.72, 'Str. Acc.': 0.34, 'SApM': 3.71, 'Str. Def': 0.61, 'TD Avg.': 1.39, 'TD Acc.': 0.32, 'TD Def.': 0.5, 'Sub. Avg.': 0.5}
2024-12-28 08:53:14,845 - 2024-12-28_crawler_UFC_stats - INFO - combattant IRENE ALDANA
2024-12-28 08:53:17,975 - 2024-12-28_crawler_UFC_stats - INFO - Metriques recoltees : {'KO/TKO': 3, 'SUB': 1, 'DEC': 4, 'WIN': 15, 'LOSSES': 8, 'DRAWS': 0, 'HEIGHT': 69, 'WEIGHT': 135.0, 'REACH': 68, 'STANCE': 'Orthodox', 'DOB': 'Mar 26, 1988', 'SLpM': 5.19, 'Str. Acc.': 0.39, 'SApM': 6.64, 'Str. Def': 0.56, 'TD Avg.': 0.15, 'TD Acc.': 0.5, 'TD Def.': 0.77, 'Sub. Avg.': 0.2}
2024-12-28 08:56:33,434 - 2024-12-28_crawler_UFC_stats - INFO - Recherche des combattants sur le site UFC Stats
2024-12-28 08:56:33,434 - 2024-12-28_crawler_UFC_stats - INFO - combattant NARIMAN ABBASSOV
2024-12-28 08:56:39,722 - 2024-12-28_crawler_UFC_stats - INFO - Metriques recoltees : {'KO/TKO': 0, 'SUB': 0, 'DEC': 0, 'WIN': 28, 'LOSSES': 4, 'DRAWS': 0, 'HEIGHT': 68, 'WEIGHT': 155.0, 'REACH': 66, 'STANCE': 'Orthodox', 'DOB': 'Feb 01, 1994', 'SLpM': 3.0, 'Str. Acc.': 0.2, 'SApM': 5.67, 'Str. Def': 0.46, 'TD Avg.': 0.0, 'TD Acc.': 0.0, 'TD Def.': 0.66, 'Sub. Avg.': 0.0}
2024-12-28 08:56:39,727 - 2024-12-28_crawler_UFC_stats - INFO - combattant HAMDY ABDELWAHAB
2024-12-28 08:56:41,998 - 2024-12-28_crawler_UFC_stats - INFO - Metriques recoltees : {'KO/TKO': 0, 'SUB': 0, 'DEC': 0, 'WIN': 5, 'LOSSES': 0, 'DRAWS': 0, 'HEIGHT': 74, 'WEIGHT': 264.0, 'REACH': 72, 'STANCE': 'Southpaw', 'DOB': 'Jan 22, 1993', 'SLpM': 3.87, 'Str. Acc.': 0.52, 'SApM': 3.13, 'Str. Def': 0.59, 'TD Avg.': 3.0, 'TD Acc.': 0.75, 'TD Def.': 0.0, 'Sub. Avg.': 0.0}
2024-12-28 08:56:42,001 - 2024-12-28_crawler_UFC_stats - INFO - combattant MANSUR ABDUL-MALIK
2024-12-28 08:56:44,158 - 2024-12-28_crawler_UFC_stats - INFO - Metriques recoltees : {'KO/TKO': 2, 'SUB': 0, 'DEC': 0, 'WIN': 7, 'LOSSES': 0, 'DRAWS': 0, 'HEIGHT': 74, 'WEIGHT': 185.0, 'REACH': 79, 'STANCE': 'Orthodox', 'DOB': 'Oct 07, 1997', 'SLpM': 6.61, 'Str. Acc.': 0.54, 'SApM': 4.21, 'Str. Def': 0.53, 'TD Avg.': 0.0, 'TD Acc.': 0.0, 'TD Def.': 0.75, 'Sub. Avg.': 0.0}
2024-12-28 08:56:44,160 - 2024-12-28_crawler_UFC_stats - INFO - combattant ISRAEL ADESANYA
2024-12-28 08:56:47,501 - 2024-12-28_crawler_UFC_stats - INFO - Metriques recoltees : {'KO/TKO': 5, 'SUB': 0, 'DEC': 8, 'WIN': 24, 'LOSSES': 4, 'DRAWS': 0, 'HEIGHT': 76, 'WEIGHT': 185.0, 'REACH': 80, 'STANCE': 'Switch', 'DOB': 'Jul 22, 1989', 'SLpM': 4.0, 'Str. Acc.': 0.48, 'SApM': 3.21, 'Str. Def': 0.56, 'TD Avg.': 0.05, 'TD Acc.': 0.12, 'TD Def.': 0.75, 'Sub. Avg.': 0.1}
2024-12-28 08:56:47,504 - 2024-12-28_crawler_UFC_stats - INFO - combattant FABIO AGU
2024-12-28 08:56:50,209 - 2024-12-28_crawler_UFC_stats - INFO - Metriques recoltees : {'KO/TKO': 0, 'SUB': 0, 'DEC': 0, 'WIN': 17, 'LOSSES': 1, 'DRAWS': 0, 'HEIGHT': 72, 'WEIGHT': 185.0, 'REACH': None, 'STANCE': '', 'DOB': 'Feb 10, 1988', 'SLpM': 0.0, 'Str. Acc.': 0.0, 'SApM': 0.0, 'Str. Def': 0.0, 'TD Avg.': 0.0, 'TD Acc.': 0.0, 'TD Def.': 0.0, 'Sub. Avg.': 0.0}
2024-12-28 08:56:50,214 - 2024-12-28_crawler_UFC_stats - INFO - combattant JESUS AGUILAR
2024-12-28 08:56:52,515 - 2024-12-28_crawler_UFC_stats - INFO - Metriques recoltees : {'KO/TKO': 0, 'SUB': 0, 'DEC': 0, 'WIN': 11, 'LOSSES': 2, 'DRAWS': 0, 'HEIGHT': 64, 'WEIGHT': 125.0, 'REACH': 62, 'STANCE': 'Orthodox', 'DOB': 'Mar 13, 1996', 'SLpM': 1.46, 'Str. Acc.': 0.51, 'SApM': 1.26, 'Str. Def': 0.58, 'TD Avg.': 1.75, 'TD Acc.': 0.33, 'TD Def.': 0.36, 'Sub. Avg.': 1.8}
2024-12-28 08:56:52,518 - 2024-12-28_crawler_UFC_stats - INFO - combattant NICK AGUIRRE
2024-12-28 08:56:54,605 - 2024-12-28_crawler_UFC_stats - INFO - Metriques recoltees : {'KO/TKO': 0, 'SUB': 0, 'DEC': 0, 'WIN': 7, 'LOSSES': 2, 'DRAWS': 0, 'HEIGHT': 69, 'WEIGHT': 135.0, 'REACH': 74, 'STANCE': 'Southpaw', 'DOB': 'Jan 15, 1996', 'SLpM': 0.73, 'Str. Acc.': 0.33, 'SApM': 2.89, 'Str. Def': 0.45, 'TD Avg.': 1.16, 'TD Acc.': 0.2, 'TD Def.': 0.33, 'Sub. Avg.': 0.6}
2024-12-28 08:56:54,607 - 2024-12-28_crawler_UFC_stats - INFO - combattant ABDUL-KAREEM AL-SELWADY
2024-12-28 08:56:56,757 - 2024-12-28_crawler_UFC_stats - INFO - Metriques recoltees : {'KO/TKO': 0, 'SUB': 0, 'DEC': 1, 'WIN': 15, 'LOSSES': 4, 'DRAWS': 0, 'HEIGHT': 68, 'WEIGHT': 155.0, 'REACH': 69, 'STANCE': 'Orthodox', 'DOB': 'Apr 10, 1995', 'SLpM': 4.14, 'Str. Acc.': 0.34, 'SApM': 3.6, 'Str. Def': 0.59, 'TD Avg.': 2.32, 'TD Acc.': 0.3, 'TD Def.': 0.2, 'Sub. Avg.': 0.0}
2024-12-28 08:56:56,759 - 2024-12-28_crawler_UFC_stats - INFO - combattant HERDEM ALACABEK
2024-12-28 08:56:58,923 - 2024-12-28_crawler_UFC_stats - INFO - Metriques recoltees : {'KO/TKO': 0, 'SUB': 0, 'DEC': 0, 'WIN': 5, 'LOSSES': 1, 'DRAWS': 0, 'HEIGHT': 74, 'WEIGHT': 205.0, 'REACH': 75, 'STANCE': 'Orthodox', 'DOB': 'Jun 07, 1991', 'SLpM': 3.84, 'Str. Acc.': 0.65, 'SApM': 6.66, 'Str. Def': 0.23, 'TD Avg.': 2.06, 'TD Acc.': 0.5, 'TD Def.': 0.42, 'Sub. Avg.': 0.0}
2024-12-28 08:56:58,926 - 2024-12-28_crawler_UFC_stats - INFO - combattant AMIR ALBAZI
2024-12-28 08:57:01,492 - 2024-12-28_crawler_UFC_stats - INFO - Metriques recoltees : {'KO/TKO': 1, 'SUB': 2, 'DEC': 2, 'WIN': 17, 'LOSSES': 2, 'DRAWS': 0, 'HEIGHT': 65, 'WEIGHT': 125.0, 'REACH': 68, 'STANCE': 'Orthodox', 'DOB': 'Oct 27, 1993', 'SLpM': 2.72, 'Str. Acc.': 0.34, 'SApM': 3.71, 'Str. Def': 0.61, 'TD Avg.': 1.39, 'TD Acc.': 0.32, 'TD Def.': 0.5, 'Sub. Avg.': 0.5}
2024-12-28 08:57:01,494 - 2024-12-28_crawler_UFC_stats - INFO - combattant IRENE ALDANA
2024-12-28 08:57:04,770 - 2024-12-28_crawler_UFC_stats - INFO - Metriques recoltees : {'KO/TKO': 3, 'SUB': 1, 'DEC': 4, 'WIN': 15, 'LOSSES': 8, 'DRAWS': 0, 'HEIGHT': 69, 'WEIGHT': 135.0, 'REACH': 68, 'STANCE': 'Orthodox', 'DOB': 'Mar 26, 1988', 'SLpM': 5.19, 'Str. Acc.': 0.39, 'SApM': 6.64, 'Str. Def': 0.56, 'TD Avg.': 0.15, 'TD Acc.': 0.5, 'TD Def.': 0.77, 'Sub. Avg.': 0.2}
2024-12-28 08:59:29,836 - 2024-12-28_crawler_UFC_stats - INFO - Recherche des combattants sur le site UFC Stats
2024-12-28 08:59:29,837 - 2024-12-28_crawler_UFC_stats - INFO - combattant NARIMAN ABBASSOV
2024-12-28 08:59:36,422 - 2024-12-28_crawler_UFC_stats - INFO - Metriques recoltees : {'KO/TKO': 0, 'SUB': 0, 'DEC': 0, 'WIN': 28, 'LOSSES': 4, 'DRAWS': 0, 'HEIGHT': 68, 'WEIGHT': 155.0, 'REACH': 66, 'STANCE': 'Orthodox', 'DOB': 'Feb 01, 1994', 'SLpM': 3.0, 'Str. Acc.': 0.2, 'SApM': 5.67, 'Str. Def': 0.46, 'TD Avg.': 0.0, 'TD Acc.': 0.0, 'TD Def.': 0.66, 'Sub. Avg.': 0.0}
2024-12-28 08:59:36,428 - 2024-12-28_crawler_UFC_stats - INFO - combattant HAMDY ABDELWAHAB
2024-12-28 08:59:38,520 - 2024-12-28_crawler_UFC_stats - INFO - Metriques recoltees : {'KO/TKO': 0, 'SUB': 0, 'DEC': 0, 'WIN': 5, 'LOSSES': 0, 'DRAWS': 0, 'HEIGHT': 74, 'WEIGHT': 264.0, 'REACH': 72, 'STANCE': 'Southpaw', 'DOB': 'Jan 22, 1993', 'SLpM': 3.87, 'Str. Acc.': 0.52, 'SApM': 3.13, 'Str. Def': 0.59, 'TD Avg.': 3.0, 'TD Acc.': 0.75, 'TD Def.': 0.0, 'Sub. Avg.': 0.0}
2024-12-28 08:59:38,523 - 2024-12-28_crawler_UFC_stats - INFO - combattant MANSUR ABDUL-MALIK
2024-12-28 08:59:40,583 - 2024-12-28_crawler_UFC_stats - INFO - Metriques recoltees : {'KO/TKO': 2, 'SUB': 0, 'DEC': 0, 'WIN': 7, 'LOSSES': 0, 'DRAWS': 0, 'HEIGHT': 74, 'WEIGHT': 185.0, 'REACH': 79, 'STANCE': 'Orthodox', 'DOB': 'Oct 07, 1997', 'SLpM': 6.61, 'Str. Acc.': 0.54, 'SApM': 4.21, 'Str. Def': 0.53, 'TD Avg.': 0.0, 'TD Acc.': 0.0, 'TD Def.': 0.75, 'Sub. Avg.': 0.0}
2024-12-28 08:59:40,585 - 2024-12-28_crawler_UFC_stats - INFO - combattant ISRAEL ADESANYA
2024-12-28 08:59:43,968 - 2024-12-28_crawler_UFC_stats - INFO - Metriques recoltees : {'KO/TKO': 5, 'SUB': 0, 'DEC': 8, 'WIN': 24, 'LOSSES': 4, 'DRAWS': 0, 'HEIGHT': 76, 'WEIGHT': 185.0, 'REACH': 80, 'STANCE': 'Switch', 'DOB': 'Jul 22, 1989', 'SLpM': 4.0, 'Str. Acc.': 0.48, 'SApM': 3.21, 'Str. Def': 0.56, 'TD Avg.': 0.05, 'TD Acc.': 0.12, 'TD Def.': 0.75, 'Sub. Avg.': 0.1}
2024-12-28 08:59:43,970 - 2024-12-28_crawler_UFC_stats - INFO - combattant FABIO AGU
2024-12-28 08:59:46,368 - 2024-12-28_crawler_UFC_stats - INFO - Metriques recoltees : {'KO/TKO': 0, 'SUB': 0, 'DEC': 0, 'WIN': 17, 'LOSSES': 1, 'DRAWS': 0, 'HEIGHT': 72, 'WEIGHT': 185.0, 'REACH': None, 'STANCE': '', 'DOB': 'Feb 10, 1988', 'SLpM': 0.0, 'Str. Acc.': 0.0, 'SApM': 0.0, 'Str. Def': 0.0, 'TD Avg.': 0.0, 'TD Acc.': 0.0, 'TD Def.': 0.0, 'Sub. Avg.': 0.0}
2024-12-28 08:59:46,374 - 2024-12-28_crawler_UFC_stats - INFO - combattant JESUS AGUILAR
2024-12-28 08:59:48,581 - 2024-12-28_crawler_UFC_stats - INFO - Metriques recoltees : {'KO/TKO': 1, 'SUB': 2, 'DEC': 1, 'WIN': 11, 'LOSSES': 2, 'DRAWS': 0, 'HEIGHT': 64, 'WEIGHT': 125.0, 'REACH': 62, 'STANCE': 'Orthodox', 'DOB': 'Mar 13, 1996', 'SLpM': 1.46, 'Str. Acc.': 0.51, 'SApM': 1.26, 'Str. Def': 0.58, 'TD Avg.': 1.75, 'TD Acc.': 0.33, 'TD Def.': 0.36, 'Sub. Avg.': 1.8}
2024-12-28 08:59:48,583 - 2024-12-28_crawler_UFC_stats - INFO - combattant NICK AGUIRRE
2024-12-28 08:59:50,638 - 2024-12-28_crawler_UFC_stats - INFO - Metriques recoltees : {'KO/TKO': 0, 'SUB': 0, 'DEC': 0, 'WIN': 7, 'LOSSES': 2, 'DRAWS': 0, 'HEIGHT': 69, 'WEIGHT': 135.0, 'REACH': 74, 'STANCE': 'Southpaw', 'DOB': 'Jan 15, 1996', 'SLpM': 0.73, 'Str. Acc.': 0.33, 'SApM': 2.89, 'Str. Def': 0.45, 'TD Avg.': 1.16, 'TD Acc.': 0.2, 'TD Def.': 0.33, 'Sub. Avg.': 0.6}
2024-12-28 08:59:50,640 - 2024-12-28_crawler_UFC_stats - INFO - combattant ABDUL-KAREEM AL-SELWADY
2024-12-28 08:59:52,735 - 2024-12-28_crawler_UFC_stats - INFO - Metriques recoltees : {'KO/TKO': 0, 'SUB': 0, 'DEC': 1, 'WIN': 15, 'LOSSES': 4, 'DRAWS': 0, 'HEIGHT': 68, 'WEIGHT': 155.0, 'REACH': 69, 'STANCE': 'Orthodox', 'DOB': 'Apr 10, 1995', 'SLpM': 4.14, 'Str. Acc.': 0.34, 'SApM': 3.6, 'Str. Def': 0.59, 'TD Avg.': 2.32, 'TD Acc.': 0.3, 'TD Def.': 0.2, 'Sub. Avg.': 0.0}
2024-12-28 08:59:52,737 - 2024-12-28_crawler_UFC_stats - INFO - combattant HERDEM ALACABEK
2024-12-28 08:59:54,752 - 2024-12-28_crawler_UFC_stats - INFO - Metriques recoltees : {'KO/TKO': 0, 'SUB': 0, 'DEC': 0, 'WIN': 5, 'LOSSES': 1, 'DRAWS': 0, 'HEIGHT': 74, 'WEIGHT': 205.0, 'REACH': 75, 'STANCE': 'Orthodox', 'DOB': 'Jun 07, 1991', 'SLpM': 3.84, 'Str. Acc.': 0.65, 'SApM': 6.66, 'Str. Def': 0.23, 'TD Avg.': 2.06, 'TD Acc.': 0.5, 'TD Def.': 0.42, 'Sub. Avg.': 0.0}
2024-12-28 08:59:54,754 - 2024-12-28_crawler_UFC_stats - INFO - combattant AMIR ALBAZI
2024-12-28 08:59:57,180 - 2024-12-28_crawler_UFC_stats - INFO - Metriques recoltees : {'KO/TKO': 1, 'SUB': 2, 'DEC': 2, 'WIN': 17, 'LOSSES': 2, 'DRAWS': 0, 'HEIGHT': 65, 'WEIGHT': 125.0, 'REACH': 68, 'STANCE': 'Orthodox', 'DOB': 'Oct 27, 1993', 'SLpM': 2.72, 'Str. Acc.': 0.34, 'SApM': 3.71, 'Str. Def': 0.61, 'TD Avg.': 1.39, 'TD Acc.': 0.32, 'TD Def.': 0.5, 'Sub. Avg.': 0.5}
2024-12-28 08:59:57,182 - 2024-12-28_crawler_UFC_stats - INFO - combattant IRENE ALDANA
2024-12-28 09:00:00,213 - 2024-12-28_crawler_UFC_stats - INFO - Metriques recoltees : {'KO/TKO': 3, 'SUB': 1, 'DEC': 4, 'WIN': 15, 'LOSSES': 8, 'DRAWS': 0, 'HEIGHT': 69, 'WEIGHT': 135.0, 'REACH': 68, 'STANCE': 'Orthodox', 'DOB': 'Mar 26, 1988', 'SLpM': 5.19, 'Str. Acc.': 0.39, 'SApM': 6.64, 'Str. Def': 0.56, 'TD Avg.': 0.15, 'TD Acc.': 0.5, 'TD Def.': 0.77, 'Sub. Avg.': 0.2}
2024-12-28 09:01:33,638 - 2024-12-28_crawler_UFC_stats - INFO - Recherche des combattants sur le site UFC Stats
2024-12-28 09:01:33,639 - 2024-12-28_crawler_UFC_stats - INFO - combattant NARIMAN ABBASSOV
2024-12-28 09:01:39,819 - 2024-12-28_crawler_UFC_stats - INFO - Metriques recoltees : {'KO/TKO': 0, 'SUB': 0, 'DEC': 0, 'WIN': 28, 'LOSSES': 4, 'DRAWS': 0, 'HEIGHT': 68, 'WEIGHT': 155.0, 'REACH': 66, 'STANCE': 'Orthodox', 'DOB': 'Feb 01, 1994', 'SLpM': 3.0, 'Str. Acc.': 0.2, 'SApM': 5.67, 'Str. Def': 0.46, 'TD Avg.': 0.0, 'TD Acc.': 0.0, 'TD Def.': 0.66, 'Sub. Avg.': 0.0}
2024-12-28 09:01:39,823 - 2024-12-28_crawler_UFC_stats - INFO - combattant HAMDY ABDELWAHAB
2024-12-28 09:01:41,718 - 2024-12-28_crawler_UFC_stats - INFO - Metriques recoltees : {'KO/TKO': 0, 'SUB': 0, 'DEC': 0, 'WIN': 5, 'LOSSES': 0, 'DRAWS': 0, 'HEIGHT': 74, 'WEIGHT': 264.0, 'REACH': 72, 'STANCE': 'Southpaw', 'DOB': 'Jan 22, 1993', 'SLpM': 3.87, 'Str. Acc.': 0.52, 'SApM': 3.13, 'Str. Def': 0.59, 'TD Avg.': 3.0, 'TD Acc.': 0.75, 'TD Def.': 0.0, 'Sub. Avg.': 0.0}
2024-12-28 09:01:41,720 - 2024-12-28_crawler_UFC_stats - INFO - combattant MANSUR ABDUL-MALIK
2024-12-28 09:01:43,882 - 2024-12-28_crawler_UFC_stats - INFO - Metriques recoltees : {'KO/TKO': 2, 'SUB': 0, 'DEC': 0, 'WIN': 7, 'LOSSES': 0, 'DRAWS': 0, 'HEIGHT': 74, 'WEIGHT': 185.0, 'REACH': 79, 'STANCE': 'Orthodox', 'DOB': 'Oct 07, 1997', 'SLpM': 6.61, 'Str. Acc.': 0.54, 'SApM': 4.21, 'Str. Def': 0.53, 'TD Avg.': 0.0, 'TD Acc.': 0.0, 'TD Def.': 0.75, 'Sub. Avg.': 0.0}
2024-12-28 09:01:43,884 - 2024-12-28_crawler_UFC_stats - INFO - combattant ISRAEL ADESANYA
2024-12-28 09:01:46,884 - 2024-12-28_crawler_UFC_stats - INFO - Metriques recoltees : {'KO/TKO': 5, 'SUB': 0, 'DEC': 8, 'WIN': 24, 'LOSSES': 4, 'DRAWS': 0, 'HEIGHT': 76, 'WEIGHT': 185.0, 'REACH': 80, 'STANCE': 'Switch', 'DOB': 'Jul 22, 1989', 'SLpM': 4.0, 'Str. Acc.': 0.48, 'SApM': 3.21, 'Str. Def': 0.56, 'TD Avg.': 0.05, 'TD Acc.': 0.12, 'TD Def.': 0.75, 'Sub. Avg.': 0.1}
2024-12-28 09:01:46,887 - 2024-12-28_crawler_UFC_stats - INFO - combattant FABIO AGU
2024-12-28 09:01:49,481 - 2024-12-28_crawler_UFC_stats - INFO - Metriques recoltees : {'KO/TKO': 0, 'SUB': 0, 'DEC': 0, 'WIN': 17, 'LOSSES': 1, 'DRAWS': 0, 'HEIGHT': 72, 'WEIGHT': 185.0, 'REACH': None, 'STANCE': '', 'DOB': 'Feb 10, 1988', 'SLpM': 0.0, 'Str. Acc.': 0.0, 'SApM': 0.0, 'Str. Def': 0.0, 'TD Avg.': 0.0, 'TD Acc.': 0.0, 'TD Def.': 0.0, 'Sub. Avg.': 0.0}
2024-12-28 09:01:49,486 - 2024-12-28_crawler_UFC_stats - INFO - combattant JESUS AGUILAR
2024-12-28 09:01:51,654 - 2024-12-28_crawler_UFC_stats - INFO - Metriques recoltees : {'KO/TKO': 1, 'SUB': 2, 'DEC': 1, 'WIN': 11, 'LOSSES': 2, 'DRAWS': 0, 'HEIGHT': 64, 'WEIGHT': 125.0, 'REACH': 62, 'STANCE': 'Orthodox', 'DOB': 'Mar 13, 1996', 'SLpM': 1.46, 'Str. Acc.': 0.51, 'SApM': 1.26, 'Str. Def': 0.58, 'TD Avg.': 1.75, 'TD Acc.': 0.33, 'TD Def.': 0.36, 'Sub. Avg.': 1.8}
2024-12-28 09:01:51,656 - 2024-12-28_crawler_UFC_stats - INFO - combattant NICK AGUIRRE
2024-12-28 09:01:53,481 - 2024-12-28_crawler_UFC_stats - INFO - Metriques recoltees : {'KO/TKO': 0, 'SUB': 0, 'DEC': 0, 'WIN': 7, 'LOSSES': 2, 'DRAWS': 0, 'HEIGHT': 69, 'WEIGHT': 135.0, 'REACH': 74, 'STANCE': 'Southpaw', 'DOB': 'Jan 15, 1996', 'SLpM': 0.73, 'Str. Acc.': 0.33, 'SApM': 2.89, 'Str. Def': 0.45, 'TD Avg.': 1.16, 'TD Acc.': 0.2, 'TD Def.': 0.33, 'Sub. Avg.': 0.6}
2024-12-28 09:01:53,483 - 2024-12-28_crawler_UFC_stats - INFO - combattant ABDUL-KAREEM AL-SELWADY
2024-12-28 09:01:55,378 - 2024-12-28_crawler_UFC_stats - INFO - Metriques recoltees : {'KO/TKO': 0, 'SUB': 0, 'DEC': 1, 'WIN': 15, 'LOSSES': 4, 'DRAWS': 0, 'HEIGHT': 68, 'WEIGHT': 155.0, 'REACH': 69, 'STANCE': 'Orthodox', 'DOB': 'Apr 10, 1995', 'SLpM': 4.14, 'Str. Acc.': 0.34, 'SApM': 3.6, 'Str. Def': 0.59, 'TD Avg.': 2.32, 'TD Acc.': 0.3, 'TD Def.': 0.2, 'Sub. Avg.': 0.0}
2024-12-28 09:01:55,380 - 2024-12-28_crawler_UFC_stats - INFO - combattant HERDEM ALACABEK
2024-12-28 09:01:57,367 - 2024-12-28_crawler_UFC_stats - INFO - Metriques recoltees : {'KO/TKO': 0, 'SUB': 0, 'DEC': 0, 'WIN': 5, 'LOSSES': 1, 'DRAWS': 0, 'HEIGHT': 74, 'WEIGHT': 205.0, 'REACH': 75, 'STANCE': 'Orthodox', 'DOB': 'Jun 07, 1991', 'SLpM': 3.84, 'Str. Acc.': 0.65, 'SApM': 6.66, 'Str. Def': 0.23, 'TD Avg.': 2.06, 'TD Acc.': 0.5, 'TD Def.': 0.42, 'Sub. Avg.': 0.0}
2024-12-28 09:01:57,370 - 2024-12-28_crawler_UFC_stats - INFO - combattant AMIR ALBAZI
2024-12-28 09:01:59,469 - 2024-12-28_crawler_UFC_stats - INFO - Metriques recoltees : {'KO/TKO': 0, 'SUB': 0, 'DEC': 0, 'WIN': 17, 'LOSSES': 2, 'DRAWS': 0, 'HEIGHT': 65, 'WEIGHT': 125.0, 'REACH': 68, 'STANCE': 'Orthodox', 'DOB': 'Oct 27, 1993', 'SLpM': 2.72, 'Str. Acc.': 0.34, 'SApM': 3.71, 'Str. Def': 0.61, 'TD Avg.': 1.39, 'TD Acc.': 0.32, 'TD Def.': 0.5, 'Sub. Avg.': 0.5}
2024-12-28 09:01:59,471 - 2024-12-28_crawler_UFC_stats - INFO - combattant IRENE ALDANA
2024-12-28 09:02:02,538 - 2024-12-28_crawler_UFC_stats - INFO - Metriques recoltees : {'KO/TKO': 3, 'SUB': 1, 'DEC': 4, 'WIN': 15, 'LOSSES': 8, 'DRAWS': 0, 'HEIGHT': 69, 'WEIGHT': 135.0, 'REACH': 68, 'STANCE': 'Orthodox', 'DOB': 'Mar 26, 1988', 'SLpM': 5.19, 'Str. Acc.': 0.39, 'SApM': 6.64, 'Str. Def': 0.56, 'TD Avg.': 0.15, 'TD Acc.': 0.5, 'TD Def.': 0.77, 'Sub. Avg.': 0.2}
2024-12-28 09:03:10,250 - 2024-12-28_crawler_UFC_stats - INFO - Recherche des combattants sur le site UFC Stats
2024-12-28 09:03:10,251 - 2024-12-28_crawler_UFC_stats - INFO - combattant NARIMAN ABBASSOV
2024-12-28 09:03:16,442 - 2024-12-28_crawler_UFC_stats - INFO - Metriques recoltees : {'KO/TKO': 0, 'SUB': 0, 'DEC': 0, 'WIN': 28, 'LOSSES': 4, 'DRAWS': 0, 'HEIGHT': 68, 'WEIGHT': 155.0, 'REACH': 66, 'STANCE': 'Orthodox', 'DOB': 'Feb 01, 1994', 'SLpM': 3.0, 'Str. Acc.': 0.2, 'SApM': 5.67, 'Str. Def': 0.46, 'TD Avg.': 0.0, 'TD Acc.': 0.0, 'TD Def.': 0.66, 'Sub. Avg.': 0.0}
2024-12-28 09:03:16,446 - 2024-12-28_crawler_UFC_stats - INFO - combattant HAMDY ABDELWAHAB
2024-12-28 09:03:18,181 - 2024-12-28_crawler_UFC_stats - INFO - Metriques recoltees : {'KO/TKO': 0, 'SUB': 0, 'DEC': 0, 'WIN': 5, 'LOSSES': 0, 'DRAWS': 0, 'HEIGHT': 74, 'WEIGHT': 264.0, 'REACH': 72, 'STANCE': 'Southpaw', 'DOB': 'Jan 22, 1993', 'SLpM': 3.87, 'Str. Acc.': 0.52, 'SApM': 3.13, 'Str. Def': 0.59, 'TD Avg.': 3.0, 'TD Acc.': 0.75, 'TD Def.': 0.0, 'Sub. Avg.': 0.0}
2024-12-28 09:03:18,183 - 2024-12-28_crawler_UFC_stats - INFO - combattant MANSUR ABDUL-MALIK
2024-12-28 09:03:20,265 - 2024-12-28_crawler_UFC_stats - INFO - Metriques recoltees : {'KO/TKO': 2, 'SUB': 0, 'DEC': 0, 'WIN': 7, 'LOSSES': 0, 'DRAWS': 0, 'HEIGHT': 74, 'WEIGHT': 185.0, 'REACH': 79, 'STANCE': 'Orthodox', 'DOB': 'Oct 07, 1997', 'SLpM': 6.61, 'Str. Acc.': 0.54, 'SApM': 4.21, 'Str. Def': 0.53, 'TD Avg.': 0.0, 'TD Acc.': 0.0, 'TD Def.': 0.75, 'Sub. Avg.': 0.0}
2024-12-28 09:03:20,268 - 2024-12-28_crawler_UFC_stats - INFO - combattant ISRAEL ADESANYA
2024-12-28 09:03:23,551 - 2024-12-28_crawler_UFC_stats - INFO - Metriques recoltees : {'KO/TKO': 5, 'SUB': 0, 'DEC': 8, 'WIN': 24, 'LOSSES': 4, 'DRAWS': 0, 'HEIGHT': 76, 'WEIGHT': 185.0, 'REACH': 80, 'STANCE': 'Switch', 'DOB': 'Jul 22, 1989', 'SLpM': 4.0, 'Str. Acc.': 0.48, 'SApM': 3.21, 'Str. Def': 0.56, 'TD Avg.': 0.05, 'TD Acc.': 0.12, 'TD Def.': 0.75, 'Sub. Avg.': 0.1}
2024-12-28 09:03:23,553 - 2024-12-28_crawler_UFC_stats - INFO - combattant FABIO AGU
2024-12-28 09:03:26,061 - 2024-12-28_crawler_UFC_stats - INFO - Metriques recoltees : {'KO/TKO': 0, 'SUB': 0, 'DEC': 0, 'WIN': 17, 'LOSSES': 1, 'DRAWS': 0, 'HEIGHT': 72, 'WEIGHT': 185.0, 'REACH': None, 'STANCE': '', 'DOB': 'Feb 10, 1988', 'SLpM': 0.0, 'Str. Acc.': 0.0, 'SApM': 0.0, 'Str. Def': 0.0, 'TD Avg.': 0.0, 'TD Acc.': 0.0, 'TD Def.': 0.0, 'Sub. Avg.': 0.0}
2024-12-28 09:03:26,065 - 2024-12-28_crawler_UFC_stats - INFO - combattant JESUS AGUILAR
2024-12-28 09:03:28,526 - 2024-12-28_crawler_UFC_stats - INFO - Metriques recoltees : {'KO/TKO': 1, 'SUB': 2, 'DEC': 1, 'WIN': 11, 'LOSSES': 2, 'DRAWS': 0, 'HEIGHT': 64, 'WEIGHT': 125.0, 'REACH': 62, 'STANCE': 'Orthodox', 'DOB': 'Mar 13, 1996', 'SLpM': 1.46, 'Str. Acc.': 0.51, 'SApM': 1.26, 'Str. Def': 0.58, 'TD Avg.': 1.75, 'TD Acc.': 0.33, 'TD Def.': 0.36, 'Sub. Avg.': 1.8}
2024-12-28 09:03:28,529 - 2024-12-28_crawler_UFC_stats - INFO - combattant NICK AGUIRRE
2024-12-28 09:03:30,586 - 2024-12-28_crawler_UFC_stats - INFO - Metriques recoltees : {'KO/TKO': 0, 'SUB': 0, 'DEC': 0, 'WIN': 7, 'LOSSES': 2, 'DRAWS': 0, 'HEIGHT': 69, 'WEIGHT': 135.0, 'REACH': 74, 'STANCE': 'Southpaw', 'DOB': 'Jan 15, 1996', 'SLpM': 0.73, 'Str. Acc.': 0.33, 'SApM': 2.89, 'Str. Def': 0.45, 'TD Avg.': 1.16, 'TD Acc.': 0.2, 'TD Def.': 0.33, 'Sub. Avg.': 0.6}
2024-12-28 09:03:30,588 - 2024-12-28_crawler_UFC_stats - INFO - combattant ABDUL-KAREEM AL-SELWADY
2024-12-28 09:03:32,601 - 2024-12-28_crawler_UFC_stats - INFO - Metriques recoltees : {'KO/TKO': 0, 'SUB': 0, 'DEC': 1, 'WIN': 15, 'LOSSES': 4, 'DRAWS': 0, 'HEIGHT': 68, 'WEIGHT': 155.0, 'REACH': 69, 'STANCE': 'Orthodox', 'DOB': 'Apr 10, 1995', 'SLpM': 4.14, 'Str. Acc.': 0.34, 'SApM': 3.6, 'Str. Def': 0.59, 'TD Avg.': 2.32, 'TD Acc.': 0.3, 'TD Def.': 0.2, 'Sub. Avg.': 0.0}
2024-12-28 09:03:32,603 - 2024-12-28_crawler_UFC_stats - INFO - combattant HERDEM ALACABEK
2024-12-28 09:03:34,640 - 2024-12-28_crawler_UFC_stats - INFO - Metriques recoltees : {'KO/TKO': 0, 'SUB': 0, 'DEC': 0, 'WIN': 5, 'LOSSES': 1, 'DRAWS': 0, 'HEIGHT': 74, 'WEIGHT': 205.0, 'REACH': 75, 'STANCE': 'Orthodox', 'DOB': 'Jun 07, 1991', 'SLpM': 3.84, 'Str. Acc.': 0.65, 'SApM': 6.66, 'Str. Def': 0.23, 'TD Avg.': 2.06, 'TD Acc.': 0.5, 'TD Def.': 0.42, 'Sub. Avg.': 0.0}
2024-12-28 09:03:34,643 - 2024-12-28_crawler_UFC_stats - INFO - combattant AMIR ALBAZI
2024-12-28 09:03:37,075 - 2024-12-28_crawler_UFC_stats - INFO - Metriques recoltees : {'KO/TKO': 1, 'SUB': 2, 'DEC': 2, 'WIN': 17, 'LOSSES': 2, 'DRAWS': 0, 'HEIGHT': 65, 'WEIGHT': 125.0, 'REACH': 68, 'STANCE': 'Orthodox', 'DOB': 'Oct 27, 1993', 'SLpM': 2.72, 'Str. Acc.': 0.34, 'SApM': 3.71, 'Str. Def': 0.61, 'TD Avg.': 1.39, 'TD Acc.': 0.32, 'TD Def.': 0.5, 'Sub. Avg.': 0.5}
2024-12-28 09:03:37,077 - 2024-12-28_crawler_UFC_stats - INFO - combattant IRENE ALDANA
2024-12-28 09:03:40,107 - 2024-12-28_crawler_UFC_stats - INFO - Metriques recoltees : {'KO/TKO': 3, 'SUB': 1, 'DEC': 4, 'WIN': 15, 'LOSSES': 8, 'DRAWS': 0, 'HEIGHT': 69, 'WEIGHT': 135.0, 'REACH': 68, 'STANCE': 'Orthodox', 'DOB': 'Mar 26, 1988', 'SLpM': 5.19, 'Str. Acc.': 0.39, 'SApM': 6.64, 'Str. Def': 0.56, 'TD Avg.': 0.15, 'TD Acc.': 0.5, 'TD Def.': 0.77, 'Sub. Avg.': 0.2}
2024-12-28 09:07:19,073 - 2024-12-28_crawler_UFC_stats - INFO - Recherche des combattants sur le site UFC Stats
2024-12-28 09:07:19,073 - 2024-12-28_crawler_UFC_stats - INFO - combattant NARIMAN ABBASSOV
2024-12-28 09:07:25,359 - 2024-12-28_crawler_UFC_stats - INFO - Metriques recoltees : {'KO/TKO': 0, 'SUB': 0, 'DEC': 0, 'WIN': 28, 'LOSSES': 4, 'DRAWS': 0, 'HEIGHT': 68, 'WEIGHT': 155.0, 'REACH': 66, 'STANCE': 'Orthodox', 'DOB': 'Feb 01, 1994', 'SLpM': 3.0, 'Str. Acc.': 0.2, 'SApM': 5.67, 'Str. Def': 0.46, 'TD Avg.': 0.0, 'TD Acc.': 0.0, 'TD Def.': 0.66, 'Sub. Avg.': 0.0}
2024-12-28 09:07:25,363 - 2024-12-28_crawler_UFC_stats - INFO - combattant HAMDY ABDELWAHAB
2024-12-28 09:07:27,427 - 2024-12-28_crawler_UFC_stats - INFO - Metriques recoltees : {'KO/TKO': 0, 'SUB': 0, 'DEC': 0, 'WIN': 5, 'LOSSES': 0, 'DRAWS': 0, 'HEIGHT': 74, 'WEIGHT': 264.0, 'REACH': 72, 'STANCE': 'Southpaw', 'DOB': 'Jan 22, 1993', 'SLpM': 3.87, 'Str. Acc.': 0.52, 'SApM': 3.13, 'Str. Def': 0.59, 'TD Avg.': 3.0, 'TD Acc.': 0.75, 'TD Def.': 0.0, 'Sub. Avg.': 0.0}
2024-12-28 09:07:27,429 - 2024-12-28_crawler_UFC_stats - INFO - combattant MANSUR ABDUL-MALIK
2024-12-28 09:07:29,509 - 2024-12-28_crawler_UFC_stats - INFO - Metriques recoltees : {'KO/TKO': 2, 'SUB': 0, 'DEC': 0, 'WIN': 7, 'LOSSES': 0, 'DRAWS': 0, 'HEIGHT': 74, 'WEIGHT': 185.0, 'REACH': 79, 'STANCE': 'Orthodox', 'DOB': 'Oct 07, 1997', 'SLpM': 6.61, 'Str. Acc.': 0.54, 'SApM': 4.21, 'Str. Def': 0.53, 'TD Avg.': 0.0, 'TD Acc.': 0.0, 'TD Def.': 0.75, 'Sub. Avg.': 0.0}
2024-12-28 09:07:29,511 - 2024-12-28_crawler_UFC_stats - INFO - combattant ISRAEL ADESANYA
2024-12-28 09:07:32,921 - 2024-12-28_crawler_UFC_stats - INFO - Metriques recoltees : {'KO/TKO': 5, 'SUB': 0, 'DEC': 8, 'WIN': 24, 'LOSSES': 4, 'DRAWS': 0, 'HEIGHT': 76, 'WEIGHT': 185.0, 'REACH': 80, 'STANCE': 'Switch', 'DOB': 'Jul 22, 1989', 'SLpM': 4.0, 'Str. Acc.': 0.48, 'SApM': 3.21, 'Str. Def': 0.56, 'TD Avg.': 0.05, 'TD Acc.': 0.12, 'TD Def.': 0.75, 'Sub. Avg.': 0.1}
2024-12-28 09:07:32,923 - 2024-12-28_crawler_UFC_stats - INFO - combattant FABIO AGU
2024-12-28 09:07:35,370 - 2024-12-28_crawler_UFC_stats - INFO - Metriques recoltees : {'KO/TKO': 0, 'SUB': 0, 'DEC': 0, 'WIN': 17, 'LOSSES': 1, 'DRAWS': 0, 'HEIGHT': 72, 'WEIGHT': 185.0, 'REACH': None, 'STANCE': '', 'DOB': 'Feb 10, 1988', 'SLpM': 0.0, 'Str. Acc.': 0.0, 'SApM': 0.0, 'Str. Def': 0.0, 'TD Avg.': 0.0, 'TD Acc.': 0.0, 'TD Def.': 0.0, 'Sub. Avg.': 0.0}
2024-12-28 09:07:35,376 - 2024-12-28_crawler_UFC_stats - INFO - combattant JESUS AGUILAR
2024-12-28 09:07:37,487 - 2024-12-28_crawler_UFC_stats - INFO - Metriques recoltees : {'KO/TKO': 0, 'SUB': 0, 'DEC': 0, 'WIN': 11, 'LOSSES': 2, 'DRAWS': 0, 'HEIGHT': 64, 'WEIGHT': 125.0, 'REACH': 62, 'STANCE': 'Orthodox', 'DOB': 'Mar 13, 1996', 'SLpM': 1.46, 'Str. Acc.': 0.51, 'SApM': 1.26, 'Str. Def': 0.58, 'TD Avg.': 1.75, 'TD Acc.': 0.33, 'TD Def.': 0.36, 'Sub. Avg.': 1.8}
2024-12-28 09:07:37,490 - 2024-12-28_crawler_UFC_stats - INFO - combattant NICK AGUIRRE
2024-12-28 09:07:39,397 - 2024-12-28_crawler_UFC_stats - INFO - Metriques recoltees : {'KO/TKO': 0, 'SUB': 0, 'DEC': 0, 'WIN': 7, 'LOSSES': 2, 'DRAWS': 0, 'HEIGHT': 69, 'WEIGHT': 135.0, 'REACH': 74, 'STANCE': 'Southpaw', 'DOB': 'Jan 15, 1996', 'SLpM': 0.73, 'Str. Acc.': 0.33, 'SApM': 2.89, 'Str. Def': 0.45, 'TD Avg.': 1.16, 'TD Acc.': 0.2, 'TD Def.': 0.33, 'Sub. Avg.': 0.6}
2024-12-28 09:07:39,399 - 2024-12-28_crawler_UFC_stats - INFO - combattant ABDUL-KAREEM AL-SELWADY
2024-12-28 09:07:41,595 - 2024-12-28_crawler_UFC_stats - INFO - Metriques recoltees : {'KO/TKO': 0, 'SUB': 0, 'DEC': 1, 'WIN': 15, 'LOSSES': 4, 'DRAWS': 0, 'HEIGHT': 68, 'WEIGHT': 155.0, 'REACH': 69, 'STANCE': 'Orthodox', 'DOB': 'Apr 10, 1995', 'SLpM': 4.14, 'Str. Acc.': 0.34, 'SApM': 3.6, 'Str. Def': 0.59, 'TD Avg.': 2.32, 'TD Acc.': 0.3, 'TD Def.': 0.2, 'Sub. Avg.': 0.0}
2024-12-28 09:07:41,597 - 2024-12-28_crawler_UFC_stats - INFO - combattant HERDEM ALACABEK
2024-12-28 09:07:43,450 - 2024-12-28_crawler_UFC_stats - INFO - Metriques recoltees : {'KO/TKO': 0, 'SUB': 0, 'DEC': 0, 'WIN': 5, 'LOSSES': 1, 'DRAWS': 0, 'HEIGHT': 74, 'WEIGHT': 205.0, 'REACH': 75, 'STANCE': 'Orthodox', 'DOB': 'Jun 07, 1991', 'SLpM': 3.84, 'Str. Acc.': 0.65, 'SApM': 6.66, 'Str. Def': 0.23, 'TD Avg.': 2.06, 'TD Acc.': 0.5, 'TD Def.': 0.42, 'Sub. Avg.': 0.0}
2024-12-28 09:07:43,453 - 2024-12-28_crawler_UFC_stats - INFO - combattant AMIR ALBAZI
2024-12-28 09:07:45,840 - 2024-12-28_crawler_UFC_stats - INFO - Metriques recoltees : {'KO/TKO': 1, 'SUB': 2, 'DEC': 2, 'WIN': 17, 'LOSSES': 2, 'DRAWS': 0, 'HEIGHT': 65, 'WEIGHT': 125.0, 'REACH': 68, 'STANCE': 'Orthodox', 'DOB': 'Oct 27, 1993', 'SLpM': 2.72, 'Str. Acc.': 0.34, 'SApM': 3.71, 'Str. Def': 0.61, 'TD Avg.': 1.39, 'TD Acc.': 0.32, 'TD Def.': 0.5, 'Sub. Avg.': 0.5}
2024-12-28 09:07:45,842 - 2024-12-28_crawler_UFC_stats - INFO - combattant IRENE ALDANA
2024-12-28 09:07:48,800 - 2024-12-28_crawler_UFC_stats - INFO - Metriques recoltees : {'KO/TKO': 3, 'SUB': 1, 'DEC': 4, 'WIN': 15, 'LOSSES': 8, 'DRAWS': 0, 'HEIGHT': 69, 'WEIGHT': 135.0, 'REACH': 68, 'STANCE': 'Orthodox', 'DOB': 'Mar 26, 1988', 'SLpM': 5.19, 'Str. Acc.': 0.39, 'SApM': 6.64, 'Str. Def': 0.56, 'TD Avg.': 0.15, 'TD Acc.': 0.5, 'TD Def.': 0.77, 'Sub. Avg.': 0.2}
2024-12-28 09:14:04,008 - 2024-12-28_crawler_UFC_stats - INFO - Recherche des combattants sur le site UFC Stats
2024-12-28 09:14:04,008 - 2024-12-28_crawler_UFC_stats - INFO - combattant NARIMAN ABBASSOV
2024-12-28 09:14:10,163 - 2024-12-28_crawler_UFC_stats - INFO - Metriques recoltees : {'KO/TKO': 0, 'SUB': 0, 'DEC': 0, 'WIN': 28, 'LOSSES': 4, 'DRAWS': 0, 'HEIGHT': 68, 'WEIGHT': 155.0, 'REACH': 66, 'STANCE': 'Orthodox', 'DOB': 'Feb 01, 1994', 'SLpM': 3.0, 'Str. Acc.': 0.2, 'SApM': 5.67, 'Str. Def': 0.46, 'TD Avg.': 0.0, 'TD Acc.': 0.0, 'TD Def.': 0.66, 'Sub. Avg.': 0.0}
2024-12-28 09:14:10,168 - 2024-12-28_crawler_UFC_stats - INFO - combattant HAMDY ABDELWAHAB
2024-12-28 09:14:12,021 - 2024-12-28_crawler_UFC_stats - INFO - Metriques recoltees : {'KO/TKO': 0, 'SUB': 0, 'DEC': 0, 'WIN': 5, 'LOSSES': 0, 'DRAWS': 0, 'HEIGHT': 74, 'WEIGHT': 264.0, 'REACH': 72, 'STANCE': 'Southpaw', 'DOB': 'Jan 22, 1993', 'SLpM': 3.87, 'Str. Acc.': 0.52, 'SApM': 3.13, 'Str. Def': 0.59, 'TD Avg.': 3.0, 'TD Acc.': 0.75, 'TD Def.': 0.0, 'Sub. Avg.': 0.0}
2024-12-28 09:14:12,023 - 2024-12-28_crawler_UFC_stats - INFO - combattant MANSUR ABDUL-MALIK
2024-12-28 09:14:14,125 - 2024-12-28_crawler_UFC_stats - INFO - Metriques recoltees : {'KO/TKO': 2, 'SUB': 0, 'DEC': 0, 'WIN': 7, 'LOSSES': 0, 'DRAWS': 0, 'HEIGHT': 74, 'WEIGHT': 185.0, 'REACH': 79, 'STANCE': 'Orthodox', 'DOB': 'Oct 07, 1997', 'SLpM': 6.61, 'Str. Acc.': 0.54, 'SApM': 4.21, 'Str. Def': 0.53, 'TD Avg.': 0.0, 'TD Acc.': 0.0, 'TD Def.': 0.75, 'Sub. Avg.': 0.0}
2024-12-28 09:14:14,127 - 2024-12-28_crawler_UFC_stats - INFO - combattant ISRAEL ADESANYA
2024-12-28 09:14:17,420 - 2024-12-28_crawler_UFC_stats - INFO - Metriques recoltees : {'KO/TKO': 5, 'SUB': 0, 'DEC': 8, 'WIN': 24, 'LOSSES': 4, 'DRAWS': 0, 'HEIGHT': 76, 'WEIGHT': 185.0, 'REACH': 80, 'STANCE': 'Switch', 'DOB': 'Jul 22, 1989', 'SLpM': 4.0, 'Str. Acc.': 0.48, 'SApM': 3.21, 'Str. Def': 0.56, 'TD Avg.': 0.05, 'TD Acc.': 0.12, 'TD Def.': 0.75, 'Sub. Avg.': 0.1}
2024-12-28 09:14:17,422 - 2024-12-28_crawler_UFC_stats - INFO - combattant FABIO AGU
2024-12-28 09:14:20,003 - 2024-12-28_crawler_UFC_stats - INFO - Metriques recoltees : {'KO/TKO': 0, 'SUB': 0, 'DEC': 0, 'WIN': 17, 'LOSSES': 1, 'DRAWS': 0, 'HEIGHT': 72, 'WEIGHT': 185.0, 'REACH': None, 'STANCE': '', 'DOB': 'Feb 10, 1988', 'SLpM': 0.0, 'Str. Acc.': 0.0, 'SApM': 0.0, 'Str. Def': 0.0, 'TD Avg.': 0.0, 'TD Acc.': 0.0, 'TD Def.': 0.0, 'Sub. Avg.': 0.0}
2024-12-28 09:14:20,010 - 2024-12-28_crawler_UFC_stats - INFO - combattant JESUS AGUILAR
2024-12-28 09:14:22,434 - 2024-12-28_crawler_UFC_stats - INFO - Metriques recoltees : {'KO/TKO': 1, 'SUB': 2, 'DEC': 1, 'WIN': 11, 'LOSSES': 2, 'DRAWS': 0, 'HEIGHT': 64, 'WEIGHT': 125.0, 'REACH': 62, 'STANCE': 'Orthodox', 'DOB': 'Mar 13, 1996', 'SLpM': 1.46, 'Str. Acc.': 0.51, 'SApM': 1.26, 'Str. Def': 0.58, 'TD Avg.': 1.75, 'TD Acc.': 0.33, 'TD Def.': 0.36, 'Sub. Avg.': 1.8}
2024-12-28 09:14:22,435 - 2024-12-28_crawler_UFC_stats - INFO - combattant NICK AGUIRRE
2024-12-28 09:14:24,559 - 2024-12-28_crawler_UFC_stats - INFO - Metriques recoltees : {'KO/TKO': 0, 'SUB': 0, 'DEC': 0, 'WIN': 7, 'LOSSES': 2, 'DRAWS': 0, 'HEIGHT': 69, 'WEIGHT': 135.0, 'REACH': 74, 'STANCE': 'Southpaw', 'DOB': 'Jan 15, 1996', 'SLpM': 0.73, 'Str. Acc.': 0.33, 'SApM': 2.89, 'Str. Def': 0.45, 'TD Avg.': 1.16, 'TD Acc.': 0.2, 'TD Def.': 0.33, 'Sub. Avg.': 0.6}
2024-12-28 09:14:24,562 - 2024-12-28_crawler_UFC_stats - INFO - combattant ABDUL-KAREEM AL-SELWADY
2024-12-28 09:14:26,690 - 2024-12-28_crawler_UFC_stats - INFO - Metriques recoltees : {'KO/TKO': 0, 'SUB': 0, 'DEC': 1, 'WIN': 15, 'LOSSES': 4, 'DRAWS': 0, 'HEIGHT': 68, 'WEIGHT': 155.0, 'REACH': 69, 'STANCE': 'Orthodox', 'DOB': 'Apr 10, 1995', 'SLpM': 4.14, 'Str. Acc.': 0.34, 'SApM': 3.6, 'Str. Def': 0.59, 'TD Avg.': 2.32, 'TD Acc.': 0.3, 'TD Def.': 0.2, 'Sub. Avg.': 0.0}
2024-12-28 09:14:26,691 - 2024-12-28_crawler_UFC_stats - INFO - combattant HERDEM ALACABEK
2024-12-28 09:14:28,652 - 2024-12-28_crawler_UFC_stats - INFO - Metriques recoltees : {'KO/TKO': 0, 'SUB': 0, 'DEC': 0, 'WIN': 5, 'LOSSES': 1, 'DRAWS': 0, 'HEIGHT': 74, 'WEIGHT': 205.0, 'REACH': 75, 'STANCE': 'Orthodox', 'DOB': 'Jun 07, 1991', 'SLpM': 3.84, 'Str. Acc.': 0.65, 'SApM': 6.66, 'Str. Def': 0.23, 'TD Avg.': 2.06, 'TD Acc.': 0.5, 'TD Def.': 0.42, 'Sub. Avg.': 0.0}
2024-12-28 09:14:28,655 - 2024-12-28_crawler_UFC_stats - INFO - combattant AMIR ALBAZI
2024-12-28 09:14:32,597 - 2024-12-28_crawler_UFC_stats - INFO - Metriques recoltees : {'KO/TKO': 1, 'SUB': 2, 'DEC': 2, 'WIN': 17, 'LOSSES': 2, 'DRAWS': 0, 'HEIGHT': 65, 'WEIGHT': 125.0, 'REACH': 68, 'STANCE': 'Orthodox', 'DOB': 'Oct 27, 1993', 'SLpM': 2.72, 'Str. Acc.': 0.34, 'SApM': 3.71, 'Str. Def': 0.61, 'TD Avg.': 1.39, 'TD Acc.': 0.32, 'TD Def.': 0.5, 'Sub. Avg.': 0.5}
2024-12-28 09:14:32,599 - 2024-12-28_crawler_UFC_stats - INFO - combattant IRENE ALDANA
2024-12-28 09:14:35,717 - 2024-12-28_crawler_UFC_stats - INFO - Metriques recoltees : {'KO/TKO': 3, 'SUB': 1, 'DEC': 4, 'WIN': 15, 'LOSSES': 8, 'DRAWS': 0, 'HEIGHT': 69, 'WEIGHT': 135.0, 'REACH': 68, 'STANCE': 'Orthodox', 'DOB': 'Mar 26, 1988', 'SLpM': 5.19, 'Str. Acc.': 0.39, 'SApM': 6.64, 'Str. Def': 0.56, 'TD Avg.': 0.15, 'TD Acc.': 0.5, 'TD Def.': 0.77, 'Sub. Avg.': 0.2}
2024-12-28 09:23:12,876 - 2024-12-28_crawler_UFC_stats - INFO - Recherche des combattants sur le site UFC Stats
2024-12-28 09:23:12,877 - 2024-12-28_crawler_UFC_stats - INFO - combattant NARIMAN ABBASSOV
2024-12-28 09:23:19,184 - 2024-12-28_crawler_UFC_stats - INFO - Metriques recoltees : {'KO/TKO': 0, 'SUB': 0, 'DEC': 0, 'WIN': 28, 'LOSSES': 4, 'DRAWS': 0, 'HEIGHT': 68, 'WEIGHT': 155.0, 'REACH': 66, 'STANCE': 'Orthodox', 'DOB': 'Feb 01, 1994', 'SLpM': 3.0, 'Str. Acc.': 0.2, 'SApM': 5.67, 'Str. Def': 0.46, 'TD Avg.': 0.0, 'TD Acc.': 0.0, 'TD Def.': 0.66, 'Sub. Avg.': 0.0}
2024-12-28 09:23:19,190 - 2024-12-28_crawler_UFC_stats - INFO - combattant HAMDY ABDELWAHAB
2024-12-28 09:23:21,092 - 2024-12-28_crawler_UFC_stats - INFO - Metriques recoltees : {'KO/TKO': 0, 'SUB': 0, 'DEC': 0, 'WIN': 5, 'LOSSES': 0, 'DRAWS': 0, 'HEIGHT': 74, 'WEIGHT': 264.0, 'REACH': 72, 'STANCE': 'Southpaw', 'DOB': 'Jan 22, 1993', 'SLpM': 3.87, 'Str. Acc.': 0.52, 'SApM': 3.13, 'Str. Def': 0.59, 'TD Avg.': 3.0, 'TD Acc.': 0.75, 'TD Def.': 0.0, 'Sub. Avg.': 0.0}
2024-12-28 09:23:25,325 - 2024-12-28_crawler_UFC_stats - INFO - combattant MANSUR ABDUL-MALIK
2024-12-28 09:23:27,508 - 2024-12-28_crawler_UFC_stats - INFO - Metriques recoltees : {'KO/TKO': 2, 'SUB': 0, 'DEC': 0, 'WIN': 7, 'LOSSES': 0, 'DRAWS': 0, 'HEIGHT': 74, 'WEIGHT': 185.0, 'REACH': 79, 'STANCE': 'Orthodox', 'DOB': 'Oct 07, 1997', 'SLpM': 6.61, 'Str. Acc.': 0.54, 'SApM': 4.21, 'Str. Def': 0.53, 'TD Avg.': 0.0, 'TD Acc.': 0.0, 'TD Def.': 0.75, 'Sub. Avg.': 0.0}
2024-12-28 09:23:27,510 - 2024-12-28_crawler_UFC_stats - INFO - combattant ISRAEL ADESANYA
2024-12-28 09:23:31,136 - 2024-12-28_crawler_UFC_stats - INFO - Metriques recoltees : {'KO/TKO': 5, 'SUB': 0, 'DEC': 8, 'WIN': 24, 'LOSSES': 4, 'DRAWS': 0, 'HEIGHT': 76, 'WEIGHT': 185.0, 'REACH': 80, 'STANCE': 'Switch', 'DOB': 'Jul 22, 1989', 'SLpM': 4.0, 'Str. Acc.': 0.48, 'SApM': 3.21, 'Str. Def': 0.56, 'TD Avg.': 0.05, 'TD Acc.': 0.12, 'TD Def.': 0.75, 'Sub. Avg.': 0.1}
2024-12-28 09:23:31,139 - 2024-12-28_crawler_UFC_stats - INFO - combattant FABIO AGU
2024-12-28 09:23:33,803 - 2024-12-28_crawler_UFC_stats - INFO - Metriques recoltees : {'KO/TKO': 0, 'SUB': 0, 'DEC': 0, 'WIN': 17, 'LOSSES': 1, 'DRAWS': 0, 'HEIGHT': 72, 'WEIGHT': 185.0, 'REACH': None, 'STANCE': '', 'DOB': 'Feb 10, 1988', 'SLpM': 0.0, 'Str. Acc.': 0.0, 'SApM': 0.0, 'Str. Def': 0.0, 'TD Avg.': 0.0, 'TD Acc.': 0.0, 'TD Def.': 0.0, 'Sub. Avg.': 0.0}
2024-12-28 09:23:33,809 - 2024-12-28_crawler_UFC_stats - INFO - combattant JESUS AGUILAR
2024-12-28 09:23:36,605 - 2024-12-28_crawler_UFC_stats - INFO - Metriques recoltees : {'KO/TKO': 1, 'SUB': 2, 'DEC': 1, 'WIN': 11, 'LOSSES': 2, 'DRAWS': 0, 'HEIGHT': 64, 'WEIGHT': 125.0, 'REACH': 62, 'STANCE': 'Orthodox', 'DOB': 'Mar 13, 1996', 'SLpM': 1.46, 'Str. Acc.': 0.51, 'SApM': 1.26, 'Str. Def': 0.58, 'TD Avg.': 1.75, 'TD Acc.': 0.33, 'TD Def.': 0.36, 'Sub. Avg.': 1.8}
2024-12-28 09:23:36,608 - 2024-12-28_crawler_UFC_stats - INFO - combattant NICK AGUIRRE
2024-12-28 09:23:38,667 - 2024-12-28_crawler_UFC_stats - INFO - Metriques recoltees : {'KO/TKO': 0, 'SUB': 0, 'DEC': 0, 'WIN': 7, 'LOSSES': 2, 'DRAWS': 0, 'HEIGHT': 69, 'WEIGHT': 135.0, 'REACH': 74, 'STANCE': 'Southpaw', 'DOB': 'Jan 15, 1996', 'SLpM': 0.73, 'Str. Acc.': 0.33, 'SApM': 2.89, 'Str. Def': 0.45, 'TD Avg.': 1.16, 'TD Acc.': 0.2, 'TD Def.': 0.33, 'Sub. Avg.': 0.6}
2024-12-28 09:23:38,669 - 2024-12-28_crawler_UFC_stats - INFO - combattant ABDUL-KAREEM AL-SELWADY
2024-12-28 09:23:41,067 - 2024-12-28_crawler_UFC_stats - INFO - Metriques recoltees : {'KO/TKO': 0, 'SUB': 0, 'DEC': 1, 'WIN': 15, 'LOSSES': 4, 'DRAWS': 0, 'HEIGHT': 68, 'WEIGHT': 155.0, 'REACH': 69, 'STANCE': 'Orthodox', 'DOB': 'Apr 10, 1995', 'SLpM': 4.14, 'Str. Acc.': 0.34, 'SApM': 3.6, 'Str. Def': 0.59, 'TD Avg.': 2.32, 'TD Acc.': 0.3, 'TD Def.': 0.2, 'Sub. Avg.': 0.0}
2024-12-28 09:23:41,070 - 2024-12-28_crawler_UFC_stats - INFO - combattant HERDEM ALACABEK
2024-12-28 09:23:43,200 - 2024-12-28_crawler_UFC_stats - INFO - Metriques recoltees : {'KO/TKO': 0, 'SUB': 0, 'DEC': 0, 'WIN': 5, 'LOSSES': 1, 'DRAWS': 0, 'HEIGHT': 74, 'WEIGHT': 205.0, 'REACH': 75, 'STANCE': 'Orthodox', 'DOB': 'Jun 07, 1991', 'SLpM': 3.84, 'Str. Acc.': 0.65, 'SApM': 6.66, 'Str. Def': 0.23, 'TD Avg.': 2.06, 'TD Acc.': 0.5, 'TD Def.': 0.42, 'Sub. Avg.': 0.0}
2024-12-28 09:23:43,203 - 2024-12-28_crawler_UFC_stats - INFO - combattant AMIR ALBAZI
2024-12-28 09:23:45,874 - 2024-12-28_crawler_UFC_stats - INFO - Metriques recoltees : {'KO/TKO': 1, 'SUB': 2, 'DEC': 2, 'WIN': 17, 'LOSSES': 2, 'DRAWS': 0, 'HEIGHT': 65, 'WEIGHT': 125.0, 'REACH': 68, 'STANCE': 'Orthodox', 'DOB': 'Oct 27, 1993', 'SLpM': 2.72, 'Str. Acc.': 0.34, 'SApM': 3.71, 'Str. Def': 0.61, 'TD Avg.': 1.39, 'TD Acc.': 0.32, 'TD Def.': 0.5, 'Sub. Avg.': 0.5}
2024-12-28 09:23:45,876 - 2024-12-28_crawler_UFC_stats - INFO - combattant IRENE ALDANA
2024-12-28 09:23:49,046 - 2024-12-28_crawler_UFC_stats - INFO - Metriques recoltees : {'KO/TKO': 3, 'SUB': 1, 'DEC': 4, 'WIN': 15, 'LOSSES': 8, 'DRAWS': 0, 'HEIGHT': 69, 'WEIGHT': 135.0, 'REACH': 68, 'STANCE': 'Orthodox', 'DOB': 'Mar 26, 1988', 'SLpM': 5.19, 'Str. Acc.': 0.39, 'SApM': 6.64, 'Str. Def': 0.56, 'TD Avg.': 0.15, 'TD Acc.': 0.5, 'TD Def.': 0.77, 'Sub. Avg.': 0.2}
